c:\users\oleg\source\repos\vkr\vkr\x64\debug\vc143.pdb
c:\users\oleg\source\repos\vkr\vkr\x64\debug\.netframework,version=v4.7.2.assemblyattributes.obj
c:\users\oleg\source\repos\vkr\vkr\x64\debug\vkr.obj
c:\users\oleg\source\repos\vkr\x64\debug\vkr.exe
c:\users\oleg\source\repos\vkr\x64\debug\vkr.pdb
c:\users\oleg\source\repos\vkr\vkr\x64\debug\vkr.res
c:\users\oleg\source\repos\vkr\vkr\x64\debug\vkr.tlog\cl.command.1.tlog
c:\users\oleg\source\repos\vkr\vkr\x64\debug\vkr.tlog\cl.items.tlog
c:\users\oleg\source\repos\vkr\vkr\x64\debug\vkr.tlog\cl.read.1.tlog
c:\users\oleg\source\repos\vkr\vkr\x64\debug\vkr.tlog\cl.write.1.tlog
c:\users\oleg\source\repos\vkr\vkr\x64\debug\vkr.tlog\link.command.1.tlog
c:\users\oleg\source\repos\vkr\vkr\x64\debug\vkr.tlog\link.read.1.tlog
c:\users\oleg\source\repos\vkr\vkr\x64\debug\vkr.tlog\link.secondary.1.tlog
c:\users\oleg\source\repos\vkr\vkr\x64\debug\vkr.tlog\link.write.1.tlog
c:\users\oleg\source\repos\vkr\vkr\x64\debug\vkr.tlog\metagen.read.1.tlog
c:\users\oleg\source\repos\vkr\vkr\x64\debug\vkr.tlog\metagen.write.1.tlog
c:\users\oleg\source\repos\vkr\vkr\x64\debug\vkr.tlog\rc.command.1.tlog
c:\users\oleg\source\repos\vkr\vkr\x64\debug\vkr.tlog\rc.read.1.tlog
c:\users\oleg\source\repos\vkr\vkr\x64\debug\vkr.tlog\rc.write.1.tlog
c:\users\oleg\source\repos\vkr\vkr\x64\debug\vkr.tlog\resgen.command.1.tlog
c:\users\oleg\source\repos\vkr\vkr\x64\debug\vkr.tlog\resgen.read.1.tlog
c:\users\oleg\source\repos\vkr\vkr\x64\debug\vkr.tlog\resgen.write.1.tlog
